<?xml version="1.0" encoding="UTF-8"?>
<!-- Generated by org.testng.reporters.JUnitReportReporter -->
<testsuite hostname="DESKTOP-0M74OPB" name="Testcases.LoginTest" tests="1" failures="0" timestamp="12 Aug 2024 04:55:02 GMT" time="3.963" errors="0">
  <testcase name="loginFunctionality" time="3.963" classname="Testcases.LoginTest"/>
</testsuite> <!-- Testcases.LoginTest -->
