<?xml version="1.0" encoding="UTF-8"?>
<!-- Generated by org.testng.reporters.JUnitReportReporter -->
<testsuite hostname="DESKTOP-0M74OPB" name="Testcases.ClassTest" tests="1" failures="0" timestamp="5 Aug 2024 18:32:32 GMT" time="11.284" errors="0">
  <testcase name="setUp" time="11.284" classname="Testcases.ClassTest"/>
</testsuite> <!-- Testcases.ClassTest -->
