<?xml version="1.0" encoding="UTF-8"?>
<!-- Generated by org.testng.reporters.JUnitReportReporter -->
<testsuite hostname="DESKTOP-0M74OPB" name="Testcases.Registeration_Test" tests="1" failures="0" timestamp="12 Aug 2024 04:55:02 GMT" time="18.612" errors="0">
  <testcase name="registration_Test" time="18.612" classname="Testcases.Registeration_Test"/>
</testsuite> <!-- Testcases.Registeration_Test -->
